[debug] [2025-04-18T08:47:18.687Z] ----------------------------------------------------------------------
[debug] [2025-04-18T08:47:18.692Z] Command:       /usr/local/bin/node /usr/local/bin/firebase init functions
[debug] [2025-04-18T08:47:18.692Z] CLI Version:   11.24.1
[debug] [2025-04-18T08:47:18.693Z] Platform:      darwin
[debug] [2025-04-18T08:47:18.693Z] Node Version:  v20.11.0
[debug] [2025-04-18T08:47:18.693Z] Time:          Fri Apr 18 2025 11:47:18 GMT+0300 (Eastern European Summer Time)
[debug] [2025-04-18T08:47:18.693Z] ----------------------------------------------------------------------
[debug] 
[debug] [2025-04-18T08:47:18.694Z] >>> [apiv2][query] GET https://firebase-public.firebaseio.com/cli.json [none]
[debug] [2025-04-18T08:47:18.721Z] > command requires scopes: ["email","openid","https://www.googleapis.com/auth/cloudplatformprojects.readonly","https://www.googleapis.com/auth/firebase","https://www.googleapis.com/auth/cloud-platform"]
[debug] [2025-04-18T08:47:18.721Z] > authorizing via signed-in user (hannamitri7@gmail.com)
[info] 
     ######## #### ########  ######## ########     ###     ######  ########
     ##        ##  ##     ## ##       ##     ##  ##   ##  ##       ##
     ######    ##  ########  ######   ########  #########  ######  ######
     ##        ##  ##    ##  ##       ##     ## ##     ##       ## ##
     ##       #### ##     ## ######## ########  ##     ##  ######  ########

You're about to initialize a Firebase project in this directory:

  /Users/hannamitri/Desktop/Elie/trainif.ai

[info] 
=== Project Setup
[info] 
[info] First, let's associate this project directory with a Firebase project.
[info] You can create multiple project aliases by running firebase use --add, 
[info] but for now we'll just set up a default project.
[info] 
[debug] [2025-04-18T08:47:19.339Z] <<< [apiv2][status] GET https://firebase-public.firebaseio.com/cli.json 200
[debug] [2025-04-18T08:47:19.340Z] <<< [apiv2][body] GET https://firebase-public.firebaseio.com/cli.json {"cloudBuildErrorAfter":1594252800000,"cloudBuildWarnAfter":1590019200000,"defaultNode10After":1594252800000,"minVersion":"3.0.5","node8DeploysDisabledAfter":1613390400000,"node8RuntimeDisabledAfter":1615809600000,"node8WarnAfter":1600128000000}
[debug] [2025-04-18T08:47:24.349Z] > refreshing access token with scopes: []
[debug] [2025-04-18T08:47:24.350Z] >>> [apiv2][query] POST https://www.googleapis.com/oauth2/v3/token [none]
[debug] [2025-04-18T08:47:24.350Z] >>> [apiv2][body] POST https://www.googleapis.com/oauth2/v3/token [omitted]
[debug] [2025-04-18T08:47:24.770Z] <<< [apiv2][status] POST https://www.googleapis.com/oauth2/v3/token 200
[debug] [2025-04-18T08:47:24.770Z] <<< [apiv2][body] POST https://www.googleapis.com/oauth2/v3/token [omitted]
[debug] [2025-04-18T08:47:24.784Z] >>> [apiv2][query] GET https://firebase.googleapis.com/v1beta1/projects pageSize=100
[debug] [2025-04-18T08:47:25.743Z] <<< [apiv2][status] GET https://firebase.googleapis.com/v1beta1/projects 200
[debug] [2025-04-18T08:47:25.743Z] <<< [apiv2][body] GET https://firebase.googleapis.com/v1beta1/projects [omitted]
[info] i  Don't want to scroll through all your projects? If you know your project ID, you can initialize it directly using firebase init --project <project_id>.
 
